<?xml version="1.0" encoding="UTF-8"?>
<!-- Generated by org.testng.reporters.JUnitReportReporter -->
<testsuite hostname="LAPTOP-TNIE7GNR" failures="0" tests="1" name="MAVEN_PROJ.PROJECT1.Title" time="0.032" errors="0" timestamp="1 Mar 2022 06:23:56 GMT">
  <testcase classname="MAVEN_PROJ.PROJECT1.Title" name="validateAppTitle" time="0.032"/>
</testsuite> <!-- MAVEN_PROJ.PROJECT1.Title -->
