<?xml version="1.0" encoding="UTF-8"?>
<!-- Generated by org.testng.reporters.JUnitReportReporter -->
<testsuite hostname="LAPTOP-TNIE7GNR" failures="0" tests="2" name="MAVEN_PROJ.PROJECT1.homePage" time="5.598" errors="0" timestamp="2 Mar 2022 02:53:01 GMT">
  <testcase classname="MAVEN_PROJ.PROJECT1.homePage" name="basePageNavigation" time="1.108"/>
  <testcase classname="MAVEN_PROJ.PROJECT1.homePage" name="basePageNavigation" time="4.490"/>
</testsuite> <!-- MAVEN_PROJ.PROJECT1.homePage -->
