<?xml version="1.0" encoding="UTF-8"?>
<!-- Generated by org.testng.reporters.JUnitReportReporter -->
<testsuite hostname="LAPTOP-TNIE7GNR" failures="0" tests="1" name="MAVEN_PROJ.PROJECT1.Title" time="0.057" errors="0" timestamp="2 Mar 2022 02:53:01 GMT">
  <testcase classname="MAVEN_PROJ.PROJECT1.Title" name="validateAppTitle" time="0.057"/>
</testsuite> <!-- MAVEN_PROJ.PROJECT1.Title -->
